[    0.000000] Initializing cgroup subsys cpuset
[    0.000000] Initializing cgroup subsys cpu
[    0.000000] Initializing cgroup subsys cpuacct
[    0.000000] Linux version 4.4.0-166-generic (buildd@lgw01-amd64-027) (gcc version 5.4.0 20160609 (Ubuntu 5.4.0-6ubuntu1~16.04.10) ) #195-Ubuntu SMP Tue Oct 1 09:36:25 UTC 2019 (Ubuntu 4.4.0-166.195-generic 4.4.194)
[    0.000000] KERNEL supported cpus:
[    0.000000]   Intel GenuineIntel
[    0.000000]   AMD AuthenticAMD
[    0.000000]   NSC Geode by NSC
[    0.000000]   Cyrix CyrixInstead
[    0.000000]   Centaur CentaurHauls
[    0.000000]   Transmeta GenuineTMx86
[    0.000000]   Transmeta TransmetaCPU
[    0.000000]   UMC UMC UMC UMC
[    0.000000] x86/fpu: Legacy x87 FPU detected.
[    0.000000] e820: BIOS-provided physical RAM map:
[    0.000000] BIOS-e820: [mem 0x0000000000000000-0x000000000009fbff] usable
[    0.000000] BIOS-e820: [mem 0x000000000009fc00-0x000000000009ffff] reserved
[    0.000000] BIOS-e820: [mem 0x00000000000f0000-0x00000000000fffff] reserved
[    0.000000] BIOS-e820: [mem 0x0000000000100000-0x000000003ffeffff] usable
[    0.000000] BIOS-e820: [mem 0x000000003fff0000-0x000000003fffffff] ACPI data
[    0.000000] BIOS-e820: [mem 0x00000000fec00000-0x00000000fec00fff] reserved
[    0.000000] BIOS-e820: [mem 0x00000000fee00000-0x00000000fee00fff] reserved
[    0.000000] BIOS-e820: [mem 0x00000000fffc0000-0x00000000ffffffff] reserved
[    0.000000] NX (Execute Disable) protection: active
[    0.000000] SMBIOS 2.5 present.
[    0.000000] Hypervisor detected: KVM
[    0.000000] e820: last_pfn = 0x3fff0 max_arch_pfn = 0x1000000
[    0.000000] MTRR: Disabled
[    0.000000] x86/PAT: MTRRs disabled, skipping PAT initialization too.
[    0.000000] CPU MTRRs all blank - virtualized system.
[    0.000000] x86/PAT: Configuration [0-7]: WB  WT  UC- UC  WB  WT  UC- UC  
[    0.000000] found SMP MP-table at [mem 0x0009fff0-0x0009ffff] mapped at [c009fff0]
[    0.000000] Scanning 1 areas for low memory corruption
[    0.000000] RAMDISK: [mem 0x363be000-0x371d6fff]
[    0.000000] ACPI: Early table checksum verification disabled
[    0.000000] ACPI: RSDP 0x00000000000E0000 000024 (v02 VBOX  )
[    0.000000] ACPI: XSDT 0x000000003FFF0030 00003C (v01 VBOX   VBOXXSDT 00000001 ASL  00000061)
[    0.000000] ACPI: FACP 0x000000003FFF00F0 0000F4 (v04 VBOX   VBOXFACP 00000001 ASL  00000061)
[    0.000000] ACPI: DSDT 0x000000003FFF0470 0022EA (v02 VBOX   VBOXBIOS 00000002 INTL 20160108)
[    0.000000] ACPI: FACS 0x000000003FFF0200 000040
[    0.000000] ACPI: FACS 0x000000003FFF0200 000040
[    0.000000] ACPI: APIC 0x000000003FFF0240 000054 (v02 VBOX   VBOXAPIC 00000001 ASL  00000061)
[    0.000000] ACPI: SSDT 0x000000003FFF02A0 0001CC (v01 VBOX   VBOXCPUT 00000002 INTL 20160108)
[    0.000000] 131MB HIGHMEM available.
[    0.000000] 891MB LOWMEM available.
[    0.000000]   mapped low ram: 0 - 37bfe000
[    0.000000]   low ram: 0 - 37bfe000
[    0.000000] kvm-clock: Using msrs 4b564d01 and 4b564d00
[    0.000000] kvm-clock: cpu 0, msr 0:37bfd001, primary cpu clock
[    0.000000] kvm-clock: using sched offset of 3775076397 cycles
[    0.000000] clocksource: kvm-clock: mask: 0xffffffffffffffff max_cycles: 0x1cd42e4dffb, max_idle_ns: 881590591483 ns
[    0.000000] Zone ranges:
[    0.000000]   DMA      [mem 0x0000000000001000-0x0000000000ffffff]
[    0.000000]   Normal   [mem 0x0000000001000000-0x0000000037bfdfff]
[    0.000000]   HighMem  [mem 0x0000000037bfe000-0x000000003ffeffff]
[    0.000000] Movable zone start for each node
[    0.000000] Early memory node ranges
[    0.000000]   node   0: [mem 0x0000000000001000-0x000000000009efff]
[    0.000000]   node   0: [mem 0x0000000000100000-0x000000003ffeffff]
[    0.000000] Initmem setup node 0 [mem 0x0000000000001000-0x000000003ffeffff]
[    0.000000] Using APIC driver default
[    0.000000] ACPI: PM-Timer IO Port: 0x4008
[    0.000000] IOAPIC[0]: apic_id 1, version 32, address 0xfec00000, GSI 0-23
[    0.000000] ACPI: INT_SRC_OVR (bus 0 bus_irq 0 global_irq 2 dfl dfl)
[    0.000000] ACPI: INT_SRC_OVR (bus 0 bus_irq 9 global_irq 9 low level)
[    0.000000] Using ACPI (MADT) for SMP configuration information
[    0.000000] smpboot: Allowing 1 CPUs, 0 hotplug CPUs
[    0.000000] PM: Registered nosave memory: [mem 0x00000000-0x00000fff]
[    0.000000] PM: Registered nosave memory: [mem 0x0009f000-0x0009ffff]
[    0.000000] PM: Registered nosave memory: [mem 0x000a0000-0x000effff]
[    0.000000] PM: Registered nosave memory: [mem 0x000f0000-0x000fffff]
[    0.000000] e820: [mem 0x40000000-0xfebfffff] available for PCI devices
[    0.000000] Booting paravirtualized kernel on KVM
[    0.000000] clocksource: refined-jiffies: mask: 0xffffffff max_cycles: 0xffffffff, max_idle_ns: 7645519600211568 ns
[    0.000000] setup_percpu: NR_CPUS:8 nr_cpumask_bits:8 nr_cpu_ids:1 nr_node_ids:1
[    0.000000] PERCPU: Embedded 19 pages/cpu @f63aa000 s47372 r0 d30452 u77824
[    0.000000] Built 1 zonelists in Zone order, mobility grouping on.  Total pages: 259800
[    0.000000] Kernel command line: BOOT_IMAGE=/boot/vmlinuz-4.4.0-166-generic root=UUID=14556d43-5d5e-4146-b47f-eaadff47137e ro console=tty1 console=ttyS0
[    0.000000] PID hash table entries: 4096 (order: 2, 16384 bytes)
[    0.000000] Dentry cache hash table entries: 131072 (order: 7, 524288 bytes)
[    0.000000] Inode-cache hash table entries: 65536 (order: 6, 262144 bytes)
[    0.000000] Initializing CPU#0
[    0.000000] Initializing HighMem for node 0 (00037bfe:0003fff0)
[    0.000000] Initializing Movable for node 0 (00000000:00000000)
[    0.000000] Memory: 1008344K/1048120K available (8131K kernel code, 794K rwdata, 3208K rodata, 940K init, 788K bss, 39776K reserved, 0K cma-reserved, 135112K highmem)
[    0.000000] virtual kernel memory layout:
[    0.000000]     fixmap  : 0xfff15000 - 0xfffff000   ( 936 kB)
[    0.000000]     pkmap   : 0xffc00000 - 0xffe00000   (2048 kB)
[    0.000000]     vmalloc : 0xf83fe000 - 0xffbfe000   ( 120 MB)
[    0.000000]     lowmem  : 0xc0000000 - 0xf7bfe000   ( 891 MB)
[    0.000000]       .init : 0xc1bdd000 - 0xc1cc8000   ( 940 kB)
[    0.000000]       .data : 0xc17f1088 - 0xc1bdb980   (4010 kB)
[    0.000000]       .text : 0xc1000000 - 0xc17f1088   (8132 kB)
[    0.000000] Checking if this processor honours the WP bit even in supervisor mode...Ok.
[    0.000000] SLUB: HWalign=64, Order=0-3, MinObjects=0, CPUs=1, Nodes=1
[    0.000000] Hierarchical RCU implementation.
[    0.000000] 	Build-time adjustment of leaf fanout to 32.
[    0.000000] 	RCU restricting CPUs from NR_CPUS=8 to nr_cpu_ids=1.
[    0.000000] RCU: Adjusting geometry for rcu_fanout_leaf=32, nr_cpu_ids=1
[    0.000000] NR_IRQS:2304 nr_irqs:256 16
[    0.000000] Console: colour VGA+ 80x25
[    0.000000] console [tty1] enabled
[    0.000000] console [ttyS0] enabled
[    0.000000] allocated 1048576 bytes of page_ext
[    0.000000] tsc: Detected 2393.858 MHz processor
[    0.174787] Calibrating delay loop (skipped) preset value.. 4787.71 BogoMIPS (lpj=9575432)
[    0.176635] pid_max: default: 32768 minimum: 301
[    0.177645] ACPI: Core revision 20150930
[    0.180050] ACPI: 2 ACPI AML tables successfully acquired and loaded
[    0.181538] Security Framework initialized
[    0.182456] Yama: becoming mindful.
[    0.183299] AppArmor: AppArmor initialized
[    0.184256] Mount-cache hash table entries: 2048 (order: 1, 8192 bytes)
[    0.185617] Mountpoint-cache hash table entries: 2048 (order: 1, 8192 bytes)
[    0.187190] Initializing cgroup subsys io
[    0.188109] Initializing cgroup subsys memory
[    0.189075] Initializing cgroup subsys devices
[    0.190113] Initializing cgroup subsys freezer
[    0.191076] Initializing cgroup subsys net_cls
[    0.192044] Initializing cgroup subsys perf_event
[    0.193050] Initializing cgroup subsys net_prio
[    0.194138] Initializing cgroup subsys hugetlb
[    0.195109] Initializing cgroup subsys pids
[    0.196146] mce: CPU supports 0 MCE banks
[    0.197084] process: using mwait in idle threads
[    0.198161] Last level iTLB entries: 4KB 512, 2MB 7, 4MB 7
[    0.199304] Last level dTLB entries: 4KB 512, 2MB 32, 4MB 32, 1GB 0
[    0.200541] Spectre V1 : Mitigation: usercopy/swapgs barriers and __user pointer sanitization
[    0.202420] Spectre V2 : Mitigation: Full generic retpoline
[    0.203556] Spectre V2 : Spectre v2 / SpectreRSB mitigation: Filling RSB on context switch
[    0.205319] Speculative Store Bypass: Vulnerable
[    0.206489] MDS: Vulnerable: Clear CPU buffers attempted, no microcode
[    0.246615] Freeing SMP alternatives memory: 36K
[    0.254847] ftrace: allocating 31583 entries in 62 pages
[    0.334357] smpboot: APIC(0) Converting physical 0 to logical package 0
[    0.335838] smpboot: Max logical packages: 1
[    0.336795] Enabling APIC mode:  Flat.  Using 1 I/O APICs
[    0.339378] ..TIMER: vector=0x30 apic1=0 pin1=2 apic2=-1 pin2=-1
[    0.448679] APIC calibration not consistent with PM-Timer: 98ms instead of 100ms
[    0.450437] APIC delta adjusted to PM-Timer: 6321294 (6250356)
[    0.451732] smpboot: CPU0: Intel(R) Core(TM) i3 CPU       M 370  @ 2.40GHz (family: 0x6, model: 0x25, stepping: 0x5)
[    0.454149] Performance Events: unsupported p6 CPU model 37 no PMU driver, software events only.
[    0.469776] KVM setup paravirtual spinlock
[    0.472752] x86: Booted up 1 node, 1 CPUs
[    0.474070] smpboot: Total of 1 processors activated (4787.71 BogoMIPS)
[    0.475748] devtmpfs: initialized
[    0.476843] evm: security.selinux
[    0.477671] evm: security.SMACK64
[    0.478471] evm: security.SMACK64EXEC
[    0.479316] evm: security.SMACK64TRANSMUTE
[    0.480229] evm: security.SMACK64MMAP
[    0.481111] evm: security.ima
[    0.481878] evm: security.capability
[    0.482926] clocksource: jiffies: mask: 0xffffffff max_cycles: 0xffffffff, max_idle_ns: 7645041785100000 ns
[    0.484962] futex hash table entries: 256 (order: 2, 16384 bytes)
[    0.486380] pinctrl core: initialized pinctrl subsystem
[    0.487671] RTC time:  8:18:31, date: 11/07/19
[    0.488857] NET: Registered protocol family 16
[    0.490064] EISA bus registered
[    0.490844] cpuidle: using governor ladder
[    0.491752] cpuidle: using governor menu
[    0.492675] PCCT header not found.
[    0.493593] ACPI: bus type PCI registered
[    0.494533] acpiphp: ACPI Hot Plug PCI Controller Driver version: 0.5
[    0.496126] PCI : PCI BIOS area is rw and x. Use pci=nobios if you want it NX.
[    0.497819] PCI: PCI BIOS revision 2.10 entry at 0xfda26, last bus=0
[    0.499075] PCI: Using configuration type 1 for base access
[    0.501887] ACPI: Added _OSI(Module Device)
[    0.502881] ACPI: Added _OSI(Processor Device)
[    0.503852] ACPI: Added _OSI(3.0 _SCP Extensions)
[    0.504888] ACPI: Added _OSI(Processor Aggregator Device)
[    0.506761] ACPI: Executed 1 blocks of module-level executable AML code
[    0.510927] ACPI: Interpreter enabled
[    0.511813] ACPI: (supports S0 S5)
[    0.512626] ACPI: Using IOAPIC for interrupt routing
[    0.514025] PCI: Using host bridge windows from ACPI; if necessary, use "pci=nocrs" and report a bug
[    0.520697] ACPI: PCI Root Bridge [PCI0] (domain 0000 [bus 00-ff])
[    0.522018] acpi PNP0A03:00: _OSC: OS supports [ASPM ClockPM Segments MSI]
[    0.526330] acpi PNP0A03:00: _OSC: not requesting OS control; OS requires [ExtendedConfig ASPM ClockPM MSI]
[    0.544414] acpi PNP0A03:00: fail to add MMCONFIG information, can't access extended PCI configuration space under this bridge.
[    0.550026] PCI host bridge to bus 0000:00
[    0.551511] pci_bus 0000:00: root bus resource [io  0x0000-0x0cf7 window]
[    0.553422] pci_bus 0000:00: root bus resource [io  0x0d00-0xffff window]
[    0.554902] pci_bus 0000:00: root bus resource [mem 0x000a0000-0x000bffff window]
[    0.556572] pci_bus 0000:00: root bus resource [mem 0x40000000-0xfdffffff window]
[    0.558316] pci_bus 0000:00: root bus resource [bus 00-ff]
[    0.561360] pci 0000:00:01.1: legacy IDE quirk: reg 0x10: [io  0x01f0-0x01f7]
[    0.562819] pci 0000:00:01.1: legacy IDE quirk: reg 0x14: [io  0x03f6]
[    0.564110] pci 0000:00:01.1: legacy IDE quirk: reg 0x18: [io  0x0170-0x0177]
[    0.565517] pci 0000:00:01.1: legacy IDE quirk: reg 0x1c: [io  0x0376]
[    0.598506] pci 0000:00:07.0: quirk: [io  0x4000-0x403f] claimed by PIIX4 ACPI
[    0.600243] pci 0000:00:07.0: quirk: [io  0x4100-0x410f] claimed by PIIX4 SMB
[    0.623995] ACPI: PCI Interrupt Link [LNKA] (IRQs 5 9 10 *11)
[    0.626035] ACPI: PCI Interrupt Link [LNKB] (IRQs 5 9 *10 11)
[    0.627818] ACPI: PCI Interrupt Link [LNKC] (IRQs 5 *9 10 11)
[    0.629621] ACPI: PCI Interrupt Link [LNKD] (IRQs 5 9 10 *11)
[    0.631453] ACPI: Enabled 2 GPEs in block 00 to 07
[    0.632910] vgaarb: setting as boot device: PCI:0000:00:02.0
[    0.634124] vgaarb: device added: PCI:0000:00:02.0,decodes=io+mem,owns=io+mem,locks=none
[    0.635905] vgaarb: loaded
[    0.636605] vgaarb: bridge control possible 0000:00:02.0
[    0.638063] SCSI subsystem initialized
[    0.639087] ACPI: bus type USB registered
[    0.640173] usbcore: registered new interface driver usbfs
[    0.641316] usbcore: registered new interface driver hub
[    0.642787] usbcore: registered new device driver usb
[    0.644202] PCI: Using ACPI for IRQ routing
[    0.645515] NetLabel: Initializing
[    0.646340] NetLabel:  domain hash size = 128
[    0.647377] NetLabel:  protocols = UNLABELED CIPSOv4
[    0.648628] NetLabel:  unlabeled traffic allowed by default
[    0.650214] amd_nb: Cannot enumerate AMD northbridges
[    0.651346] clocksource: Switched to clocksource kvm-clock
[    0.662291] AppArmor: AppArmor Filesystem Enabled
[    0.663579] pnp: PnP ACPI init
[    0.665357] pnp: PnP ACPI: found 3 devices
[    0.666338] PnPBIOS: Disabled by ACPI PNP
[    0.703896] clocksource: acpi_pm: mask: 0xffffff max_cycles: 0xffffff, max_idle_ns: 2085701024 ns
[    0.706205] NET: Registered protocol family 2
[    0.707425] TCP established hash table entries: 8192 (order: 3, 32768 bytes)
[    0.708859] TCP bind hash table entries: 8192 (order: 4, 65536 bytes)
[    0.710147] TCP: Hash tables configured (established 8192 bind 8192)
[    0.711412] UDP hash table entries: 512 (order: 2, 16384 bytes)
[    0.712649] UDP-Lite hash table entries: 512 (order: 2, 16384 bytes)
[    0.714026] NET: Registered protocol family 1
[    0.715007] pci 0000:00:00.0: Limiting direct PCI/PCI transfers
[    0.716263] pci 0000:00:01.0: Activating ISA DMA hang workarounds
[    0.717694] Unpacking initramfs...
[    1.046892] Freeing initrd memory: 14436K
[    1.050437] clocksource: tsc: mask: 0xffffffffffffffff max_cycles: 0x22818d8d7c4, max_idle_ns: 440795281071 ns
[    1.056099] platform rtc_cmos: registered platform RTC device (no PNP device found)
[    1.062056] Scanning for low memory corruption every 60 seconds
[    1.073342] audit: initializing netlink subsys (disabled)
[    1.075572] audit: type=2000 audit(1573114717.264:1): initialized
[    1.077845] Initialise system trusted keyring
[    1.079327] HugeTLB registered 2 MB page size, pre-allocated 0 pages
[    1.083080] zbud: loaded
[    1.084237] VFS: Disk quotas dquot_6.6.0
[    1.085569] VFS: Dquot-cache hash table entries: 1024 (order 0, 4096 bytes)
[    1.087863] squashfs: version 4.0 (2009/01/31) Phillip Lougher
[    1.089937] fuse init (API version 7.23)
[    1.091472] Key type big_key registered
[    1.092814] Allocating IMA MOK and blacklist keyrings.
[    1.094614] Key type asymmetric registered
[    1.095780] Asymmetric key parser 'x509' registered
[    1.097188] bounce: pool size: 64 pages
[    1.098398] Block layer SCSI generic (bsg) driver version 0.4 loaded (major 249)
[    1.100570] io scheduler noop registered
[    1.101710] io scheduler deadline registered (default)
[    1.103280] io scheduler cfq registered
[    1.104697] pci_hotplug: PCI Hot Plug PCI Core version: 0.5
[    1.106213] pciehp: PCI Express Hot Plug Controller Driver version: 0.4
[    1.108210] ACPI: AC Adapter [AC] (off-line)
[    1.109533] input: Power Button as /devices/LNXSYSTM:00/LNXPWRBN:00/input/input0
[    1.111602] ACPI: Power Button [PWRF]
[    1.112812] input: Sleep Button as /devices/LNXSYSTM:00/LNXSLPBN:00/input/input1
[    1.114937] ACPI: Sleep Button [SLPF]
[    1.116942] ACPI: Battery Slot [BAT0] (battery present)
[    1.118395] GHES: HEST is not enabled!
[    1.119627] isapnp: Scanning for PnP cards...
[    1.126486] Serial: 8250/16550 driver, 32 ports, IRQ sharing enabled
[    1.148857] 00:02: ttyS0 at I/O 0x3f8 (irq = 4, ase_baud = 115200) is a 16550A
[    1.201666] Linux agpgart interface v0.103
[    1.204560] loop: module loaded
[    1.249972] scsi host0: ata_piix
[    1.251173] scsi host1: ata_piix
[    1.252272] ata1: PATA max UDMA/33 cmd 0x1f0 ctl 0x3f6 bmdma 0xd000 irq 14
[    1.254126] ata2: PATA max UDMA/33 cmd 0x170 ctl 0x376 bmdma 0xd008 irq 15
[    1.256742] libphy: Fixed MDIO Bus: probed
[    1.257972] tun: Universal TUN/TAP device driver, 1.6
[    1.259073] tun: (C) 1999-2004 Max Krasnyansky <maxk@qualcomm.com>
[    1.260416] PPP generic driver version 2.4.2
[    1.261451] ehci_hcd: USB 2.0 'Enhanced' Host Controller (EHCI) Driver
[    1.262760] ehci-pci: EHCI PCI platform driver
[    1.263765] ehci-platform: EHCI generic platform driver
[    1.264918] ohci_hcd: USB 1.1 'Open' Host Controller (OHCI) Driver
[    1.266158] ohci-pci: OHCI PCI platform driver
[    1.267129] ohci-platform: OHCI generic platform driver
[    1.268258] uhci_hcd: USB Universal Host Controller Interface driver
[    1.269604] i8042: PNP: PS/2 Controller [PNP0303:PS2K,PNP0f03:PS2M] at 0x60,0x64 irq 1,12
[    1.272790] serio: i8042 KBD port at 0x60,0x64 irq 1
[    1.273890] serio: i8042 AUX port at 0x60,0x64 irq 12
[    1.275197] mousedev: PS/2 mouse device common for all mice
[    1.276787] input: AT Translated Set 2 keyboard as /devices/platform/i8042/serio0/input/input2
[    1.279142] rtc_cmos rtc_cmos: rtc core: registered rtc_cmos as rtc0
[    1.280561] rtc_cmos rtc_cmos: alarms up to one day, 114 bytes nvram
[    1.281835] i2c /dev entries driver
[    1.282725] device-mapper: uevent: version 1.0.3
[    1.283790] device-mapper: ioctl: 4.34.0-ioctl (2015-10-28) initialised: dm-devel@redhat.com
[    1.285706] platform eisa.0: Probing EISA bus 0
[    1.286684] platform eisa.0: EISA: Cannot allocate resource for mainboard
[    1.288030] platform eisa.0: Cannot allocate resource for EISA slot 1
[    1.289295] platform eisa.0: Cannot allocate resource for EISA slot 2
[    1.290573] platform eisa.0: Cannot allocate resource for EISA slot 3
[    1.291832] platform eisa.0: Cannot allocate resource for EISA slot 4
[    1.336912] platform eisa.0: Cannot allocate resource for EISA slot 5
[    1.338325] platform eisa.0: Cannot allocate resource for EISA slot 6
[    1.339595] platform eisa.0: Cannot allocate resource for EISA slot 7
[    1.340892] platform eisa.0: Cannot allocate resource for EISA slot 8
[    1.342159] platform eisa.0: EISA: Detected 0 cards
[    1.343201] cpufreq-nforce2: No nForce2 chipset.
[    1.344236] ledtrig-cpu: registered to indicate activity on CPUs
[    1.345801] NET: Registered protocol family 10
[    1.347049] NET: Registered protocol family 17
[    1.348075] Key type dns_resolver registered
[    1.349225] Using IPI No-Shortcut mode
[    1.350276] registered taskstats version 1
[    1.351209] Loading compiled-in X.509 certificates
[    1.355571] Loaded X.509 cert 'Build time autogenerated kernel key: ff2581549e7ce7e6616cef99f70b135c5c856bdc'
[    1.357757] zswap: loaded using pool lzo/zbud
[    1.360690] Key type trusted registered
[    1.409237] Key type encrypted registered
[    1.410319] AppArmor: AppArmor sha1 policy hashing enabled
[    1.411459] ima: No TPM chip found, activating TPM-bypass!
[    1.412809] ima: Allocated hash algorithm: sha1
[    1.413822] evm: HMAC attrs: 0x1
[    1.415003]   Magic number: 11:673:320
[    1.415963] tty tty45: hash matches
[    1.416867] rtc_cmos rtc_cmos: setting system clock to 2019-11-07 08:18:32 UTC (1573114712)
[    1.418742] BIOS EDD facility v0.16 2004-Jun-25, 0 devices found
[    1.419984] EDD information not available.
[    1.599168] isapnp: No Plug & Play device found
[    1.600595] Freeing unused kernel memory: 940K
[    1.601693] Write protecting the kernel text: 8136k
[    1.602771] Write protecting the kernel read-only data: 3212k
[    1.603982] NX-protecting the kernel data: 6200k
Loading, please wait...
starting version 229
[    1.619751] random: udevadm: uninitialized urandom read (16 bytes read, 1 bits of entropy available)
[    1.622431] random: systemd-udevd: uninitialized urandom read (16 bytes read, 1 bits of entropy available)
[    1.624572] random: systemd-udevd: uninitialized urandom read (16 bytes read, 1 bits of entropy available)
[    1.626631] random: systemd-udevd: uninitialized urandom read (16 bytes read, 1 bits of entropy available)
[    1.659194] random: udevadm: uninitialized urandom read (16 bytes read, 1 bits of entropy available)
[    1.664151] random: udevadm: uninitialized urandom read (16 bytes read, 1 bits of entropy available)
[    1.666273] random: udevadm: uninitialized urandom read (16 bytes read, 1 bits of entropy available)
[    1.668250] random: udevadm: uninitialized urandom read (16 bytes read, 1 bits of entropy available)
[    1.700247] random: udevadm: uninitialized urandom read (16 bytes read, 1 bits of entropy available)
[    1.704147] random: udevadm: uninitialized urandom read (16 bytes read, 1 bits of entropy available)
[    1.780964] e1000: Intel(R) PRO/1000 Network Driver - version 7.3.21-k8-NAPI
[    1.782501] e1000: Copyright (c) 1999-2006 Intel Corporation.
[    1.799163] Fusion MPT base driver 3.04.20
[    1.800215] Copyright (c) 1999-2008 LSI Corporation
[    1.860247] Fusion MPT SPI Host driver 3.04.20
[    2.030189] input: ImExPS/2 Generic Explorer Mouse as /devices/platform/i8042/serio1/input/input4
[    2.244804] e1000 0000:00:03.0 eth0: (PCI:33MHz:32-bit) 02:ab:c6:fe:a9:88
[    2.246461] e1000 0000:00:03.0 eth0: Intel(R) PRO/1000 Network Connection
[    2.248632] mptbase: ioc0: Initiating bringup
[    2.312032] ioc0: LSI53C1030 A0: Capabilities={Initiator}
[    2.478597] scsi host2: ioc0: LSI53C1030 A0, FwRev=00000000h, Ports=1, MaxQ=256, IRQ=20
[    2.594255] scsi 2:0:0:0: Direct-Access     VBOX     HARDDISK         1.0  PQ: 0 ANSI: 5
[    2.597969] scsi target2:0:0: Beginning Domain Validation
[    2.601584] scsi target2:0:0: Domain Validation skipping write tests
[    2.603795] scsi target2:0:0: Ending Domain Validation
[    2.605835] scsi target2:0:0: asynchronous
[    2.608149] scsi 2:0:1:0: Direct-Access     VBOX     HARDDISK         1.0  PQ: 0 ANSI: 5
[    2.610792] scsi target2:0:1: Beginning Domain Validation
[    2.613654] scsi target2:0:1: Domain Validation skipping write tests
[    2.615316] scsi target2:0:1: Ending Domain Validation
[    2.616808] scsi target2:0:1: asynchronous
[    2.709231] sd 2:0:0:0: Attached scsi generic sg0 type 0
[    2.710782] sd 2:0:0:0: [sda] 20971520 512-byte logical blocks: (10.7 GB/10.0 GiB)
[    2.713353] sd 2:0:1:0: [sdb] 20480 512-byte logical blocks: (10.5 MB/10.0 MiB)
[    2.715697] sd 2:0:1:0: Attached scsi generic sg1 type 0
[    2.717403] sd 2:0:1:0: [sdb] Write Protect is off
[    2.718880] sd 2:0:0:0: [sda] Write Protect is off
[    2.720513] sd 2:0:0:0: [sda] Incomplete mode parameter data
[    2.722161] sd 2:0:0:0: [sda] Assuming drive cache: write through
[    2.723765] sd 2:0:1:0: [sdb] Incomplete mode parameter data
[    2.725352] sd 2:0:1:0: [sdb] Assuming drive cache: write through
[    2.755796]  sda: sda1
[    2.757693] sd 2:0:0:0: [sda] Attached SCSI disk
[    2.837262] sd 2:0:1:0: [sdb] Attached SCSI disk
[    3.002659] e1000 0000:00:08.0 eth1: (PCI:33MHz:32-bit) 08:00:27:2f:79:9b
[    3.004848] e1000 0000:00:08.0 eth1: Intel(R) PRO/1000 Network Connection
[    3.007982] e1000 0000:00:08.0 enp0s8: renamed from eth1
[    3.011665] e1000 0000:00:03.0 enp0s3: renamed from eth0
Begin: Loading essential drivers ... [    4.441488] md: linear personality registered for level -1
[    4.450233] md: multipath personality registered for level -4
[    4.459265] md: raid0 personality registered for level 0
[    4.470345] md: raid1 personality registered for level 1
[    4.564198] raid6: mmxx1    gen()  2912 MB/s
[    4.641673] raid6: mmxx2    gen()  4075 MB/s
[    4.709668] raid6: sse1x1   gen()  3037 MB/s
[    4.781669] raid6: sse1x2   gen()  3670 MB/s
[    4.853681] raid6: sse2x1   gen()  6375 MB/s
[    4.934212] raid6: sse2x1   xor()  5055 MB/s
[    5.004227] raid6: sse2x2   gen()  7095 MB/s
[    5.074177] raid6: sse2x2   xor()  4494 MB/s
[    5.075203] raid6: using algorithm sse2x2 gen() 7095 MB/s
[    5.076327] raid6: .... xor() 4494 MB/s, rmw enabled
[    5.077348] raid6: using ssse3x1 recovery algorithm
[    5.083888] xor: measuring software checksum speed
[    5.153677]    pIII_sse  : 22354.000 MB/sec
[    5.224210]    prefetch64-sse: 25458.000 MB/sec
[    5.225297] xor: using function: prefetch64-sse (25458.000 MB/sec)
[    5.231235] async_tx: api initialized (async)
[    5.262308] md: raid6 personality registered for level 6
[    5.263533] md: raid5 personality registered for level 5
[    5.264619] md: raid4 personality registered for level 4
[    5.276697] md: raid10 personality registered for level 10
done.
Begin: Running /scripts/init-premount ... done.
Begin: Mounting root file system ... Begin: Running /scripts/local-top ... done.
Begin: Running /scripts/local-premount ... [    5.344389] Btrfs loaded
Scanning for Btrfs filesystems
done.
Warning: fsck not present, so skipping root file system
[    5.439022] EXT4-fs (sda1): mounted filesystem with ordered data mode. Opts: (null)
done.
Begin: Running /scripts/local-bottom ... done.
Begin: Running /scripts/init-bottom ... done.
[    6.134040] systemd[1]: systemd 229 running in system mode. (+PAM +AUDIT +SELINUX +IMA +APPARMOR +SMACK +SYSVINIT +UTMP +LIBCRYPTSETUP +GCRYPT +GNUTLS +ACL +XZ -LZ4 +SECCOMP +BLKID +ELFUTILS +KMOD -IDN)
[    6.139967] systemd[1]: Detected virtualization oracle.
[    6.141118] systemd[1]: Detected architecture x86.

Welcome to [1mUbuntu 16.04.6 LTS[0m!

[    6.256535] systemd[1]: Set hostname to <ubuntu-xenial>.
[    6.668881] random: nonblocking pool is initialized
[    7.246904] systemd[1]: Reached target Swap.
[[0;32m  OK  [0m] Reached target Swap.
[    7.250683] systemd[1]: Listening on LVM2 poll daemon socket.
[[0;32m  OK  [0m] Listening on LVM2 poll daemon socket.
[    7.254535] systemd[1]: Listening on udev Kernel Socket.
[[0;32m  OK  [0m] Listening on udev Kernel Socket.
[    7.256822] systemd[1]: Listening on Journal Socket.
[[0;32m  OK  [0m] Listening on Journal Socket.
[    7.259006] systemd[1]: Listening on /dev/initctl Compatibility Named Pipe.
[[0;32m  OK  [0m] Listening on /dev/initctl Compatibility Named Pipe.
[    7.261799] systemd[1]: Listening on Journal Audit Socket.
[[0;32m  OK  [0m] Listening on Journal Audit Socket.
[    7.264046] systemd[1]: Reached target User and Group Name Lookups.
[[0;32m  OK  [0m] Reached target User and Group Name Lookups.
[    7.266570] systemd[1]: Listening on LVM2 metadata daemon socket.
[[0;32m  OK  [0m] Listening on LVM2 metadata daemon socket.
[    7.269064] systemd[1]: Listening on Journal Socket (/dev/log).
[[0;32m  OK  [0m] Listening on Journal Socket (/dev/log).
[    7.271861] systemd[1]: Created slice User and Session Slice.
[[0;32m  OK  [0m] Created slice User and Session Slice.
[    7.274213] systemd[1]: Listening on Syslog Socket.
[[0;32m  OK  [0m] Listening on Syslog Socket.
[    7.276414] systemd[1]: Reached target System Time Synchronized.
[[0;32m  OK  [0m] Reached target System Time Synchronized.
[    7.278860] systemd[1]: Started Forward Password Requests to Wall Directory Watch.
[[0;32m  OK  [0m] Started Forward Password Requests to Wall Directory Watch.
[    7.282148] systemd[1]: Set up automount Arbitrary Executable File Formats File System Automount Point.
[[0;32m  OK  [0m] Set up automount Arbitrary Executab...ats File System Automount Point.
[    7.285981] systemd[1]: Created slice System Slice.
[[0;32m  OK  [0m] Created slice System Slice.
[    7.288869] systemd[1]: Starting Uncomplicated firewall...
         Starting Uncomplicated firewall...
[    7.291800] systemd[1]: Starting Create list of required static device nodes for the current kernel...
         Starting Create list of required st... nodes for the current kernel...
[    7.340389] systemd[1]: Starting Load Kernel Modules...
         Starting Load Kernel Modules...
[    7.343736] systemd[1]: Reached target Slices.
[[0;32m  OK  [0m] Reached target Slices.
[    7.354828] systemd[1]: Mounting Huge Pages File System...
         Mounting Huge Pages File System...
[    7.360824] systemd[1]: Starting Nameserver information manager...
         Starting Nameserver information manager...
[    7.366145] systemd[1]: Mounting Debug File System...
         Mounting Debug File System...
[    7.373304] systemd[1]: Created slice system-serial\x2dgetty.slice.
[[0;32m  OK  [0m] Created slice system-serial\x2dgetty.slice.
[    7.379405] systemd[1]: Starting Remount Root and Kernel File Systems...
         Starting Remount Root and Kernel File Systems...
[    7.382912] systemd[1]: Mounting POSIX Message Queue File System...
         Mounting POSIX Message Queue File System...
[    7.386764] systemd[1]: Started Trigger resolvconf update for networkd DNS.
[[0;32m  OK  [0m] Started Trigger resolvconf update for networkd DNS.
[    7.393289] systemd[1]: Starting Set console keymap...
         Starting Set console keymap...
[    7.400527] systemd[1]: Reached target Encrypted Volumes.
[[0;32m  OK  [0m] Reached target Encrypted Volumes.
[    7.405587] systemd[1]: Starting Journal Service...
         Starting Journal Service...
[    7.408052] systemd[1]: Listening on Device-mapper event daemon FIFOs.
[[0;32m  OK  [0m] Listening on Device-mapper event daemon FIFOs.
[    7.412269] systemd[1]: Starting Monitoring of LVM2 mirrors, snapshots etc. using dmeventd or progress polling...
         Starting Monitoring of LVM2 mirrors... dmeventd or progress polling...
[    7.418059] systemd[1]: Listening on udev Control Socket.
[[0;32m  OK  [0m] Listening on udev Control Socket.
[    7.426672] systemd[1]: Started Uncomplicated firewall.
[[0;32m  OK  [0m] Started Uncomplicated firewall.
[    7.430939] systemd[1]: Started Create list of required static device nodes for the current kernel.
[[0;32m  OK  [0m] Started Create list of required sta...ce nodes for the current kernel.
[    7.502128] Loading iSCSI transport class v2.0-870.
[    7.513413] systemd[1]: Starting Create Static Device Nodes in /dev...
         Starting Create Static Device Nodes in /dev...
[    7.574715] systemd[1]: Mounted POSIX Message Queue File System.
[[0;32m  OK  [0m] Mounted POSIX Message Queue File System.
[    7.587441] EXT4-fs (sda1): re-mounted. Opts: (null)
[    7.589708] systemd[1]: Mounted Huge Pages File System.
[[0;32m  OK  [0m] Mounted Huge Pages File System.
[    7.595892] systemd[1]: Mounted Debug File System.
[[0;32m  OK  [0m] Mounted Debug File System.
[    7.601650] iscsi: registered transport (tcp)
[    7.604946] systemd[1]: Started Remount Root and Kernel File Systems.
[[0;32m  OK  [0m] Started Remount Root and Kernel File Systems.
[    7.632539] systemd[1]: Started Nameserver information manager.
[[0;32m  OK  [0m] Started Nameserver information manager.
[    7.663385] systemd[1]: Starting Load/Save Random Seed...
         Starting Load/Save Random Seed...
[    7.695172] systemd[1]: Starting udev Coldplug all Devices...
         Starting udev Coldplug all Devices...
[    7.785227] systemd[1]: Started LVM2 metadata daemon.
[[0;32m  OK  [0m] Started LVM2 metadata daemon.
[    7.828161] systemd[1]: Started Load/Save Random Seed.
[[0;32m  OK  [0m] Started Load/Save Random Seed.
[    7.844997] iscsi: registered transport (iser)
[    7.861005] systemd[1]: Started Load Kernel Modules.
[[0;32m  OK  [0m] Started Load Kernel Modules.
[    7.887223] systemd[1]: Mounting FUSE Control File System...
         Mounting FUSE Control File System...
[    7.898243] systemd[1]: Starting Apply Kernel Variables...
         Starting Apply Kernel Variables...
[    7.912158] systemd[1]: Mounted FUSE Control File System.
[[0;32m  OK  [0m] Mounted FUSE Control File System.
[    7.925145] systemd[1]: Started Journal Service.
[[0;32m  OK  [0m] Started Journal Service.
         Starting Flush Journal to Persistent Storage...
[[0;32m  OK  [0m] Started Set console keymap.
[[0;32m  OK  [0m] Started udev Coldplug all Devices.
[[0;32m  OK  [0m] Started Apply Kernel Variables.
[[0;32m  OK  [0m] Started Create Static Device Nodes in /dev.
[[0;32m  OK  [0m] Started Monitoring of LVM2 mirrors,...ng dmeventd or progress polling.
[[0;32m  OK  [0m] Reached target Local File Systems (Pre).
[[0;32m  OK  [0m] Reached target Local File Systems.
         Starting Set console font and keymap...
         Starting LSB: AppArmor initialization...
         Starting Initial cloud-init job (pre-networking)...
         Starting Tell Plymouth To Write Out Runtime Data...
         Starting udev Kernel Device Manager...
[[0;32m  OK  [0m] Started Flush Journal to Persistent Storage.
         Starting Create Volatile Files and Directories...
[[0;32m  OK  [0m] Started Tell Plymouth To Write Out Runtime Data.
[[0;32m  OK  [0m] Started Create Volatile Files and Directories.
         Starting Update UTMP about System Boot/Shutdown...
[[0;32m  OK  [0m] Started Update UTMP about System Boot/Shutdown.
[[0;32m  OK  [0m] Started Set console font and keymap.
[[0;32m  OK  [0m] Created slice system-getty.slice.
[[0;32m  OK  [0m] Started udev Kernel Device Manager.
[[0;32m  OK  [0m] Started Dispatch Password Requests to Console Directory Watch.
[[0;32m  OK  [0m] Found device /dev/ttyS0.
[[0;32m  OK  [0m] Listening on Load/Save RF Kill Switch Status /dev/rfkill Watch.
[[0;32m  OK  [0m] Started LSB: AppArmor initialization.
[[0;32m  OK  [0m] Found device 82540EM Gigabit Ethern...r (PRO/1000 MT Desktop Adapter).
[[0;32m  OK  [0m] Found device 82540EM Gigabit Ethern...r (PRO/1000 MT Desktop Adapter).
[   13.399618] cloud-init[472]: Cloud-init v. 19.2-36-g059d049c-0ubuntu2~16.04.1 running 'init-local' at Thu, 07 Nov 2019 08:18:43 +0000. Up 12.55 seconds.
[[0;32m  OK  [0m] Started Initial cloud-init job (pre-networking).
[[0;32m  OK  [0m] Reached target Network (Pre).
[[0;32m  OK  [0m] Started ifup for enp0s8.
[[0;32m  OK  [0m] Started ifup for enp0s3.
         Starting Raise network interfaces...
[[0;32m  OK  [0m] Started Raise network interfaces.
[[0;32m  OK  [0m] Reached target Network.
         Starting Initial cloud-init job (metadata service crawler)...
[   18.658331] cloud-init[1128]: Cloud-init v. 19.2-36-g059d049c-0ubuntu2~16.04.1 running 'init' at Thu, 07 Nov 2019 08:18:49 +0000. Up 17.91 seconds.
[   18.667880] cloud-init[1128]: ci-info: +++++++++++++++++++++++++++++++++++++++++++++Net device info+++++++++++++++++++++++++++++++++++++++++++++
[   18.670431] cloud-init[1128]: ci-info: +--------+------+------------------------------------------+---------------+--------+-------------------+
[   18.672729] cloud-init[1128]: ci-info: | Device |  Up  |                 Address                  |      Mask     | Scope  |     Hw-Address    |
[   18.679535] cloud-init[1128]: ci-info: +--------+------+------------------------------------------+---------------+--------+-------------------+
[   18.691616] cloud-init[1128]: ci-info: | enp0s3 | True |                10.0.2.15                 | 255.255.255.0 | global | 02:ab:c6:fe:a9:88 |
[   18.694142] cloud-init[1128]: ci-info: | enp0s3 | True |        fe80::ab:c6ff:fefe:a988/64        |       .       |  link  | 02:ab:c6:fe:a9:88 |
[   18.702252] cloud-init[1128]: ci-info: | enp0s8 | True |             192.168.225.180              |  255.255.0.0  | global | 08:00:27:2f:79:9b |
[   18.705116] cloud-init[1128]: ci-info: | enp0s8 | True | 2405:204:2011:5dde:a00:27ff:fe2f:799b/64 |       .       | global | 08:00:27:2f:79:9b |
[   18.712263] cloud-init[1128]: ci-info: | enp0s8 | True |       fe80::a00:27ff:fe2f:799b/64        |       .       |  link  | 08:00:27:2f:79:9b |
[   18.714742] cloud-init[1128]: ci-info: |   lo   | True |                127.0.0.1                 |   255.0.0.0   |  host  |         .         |
[   18.717440] cloud-init[1128]: ci-info: |   lo   | True |                 ::1/128                  |       .       |  host  |         .         |
[   18.727588] cloud-init[1128]: ci-info: +--------+------+------------------------------------------+---------------+--------+-------------------+
[   18.729869] cloud-init[1128]: ci-info: +++++++++++++++++++++++++++Route IPv4 info++++++++++++++++++++++++++++
[   18.739820] cloud-init[1128]: ci-info: +-------+-------------+----------+---------------+-----------+-------+
[   18.741694] cloud-init[1128]: ci-info: | Route | Destination | Gateway  |    Genmask    | Interface | Flags |
[   18.751830] cloud-init[1128]: ci-info: +-------+-------------+----------+---------------+-----------+-------+
[   18.754345] cloud-init[1128]: ci-info: |   0   |   0.0.0.0   | 10.0.2.2 |    0.0.0.0    |   enp0s3  |   UG  |
[   18.756890] cloud-init[1128]: ci-info: |   1   |   10.0.2.0  | 0.0.0.0  | 255.255.255.0 |   enp0s3  |   U   |
[   18.758677] cloud-init[1128]: ci-info: |   2   | 192.168.0.0 | 0.0.0.0  |  255.255.0.0  |   enp0s8  |   U   |
[   18.770874] cloud-init[1128]: ci-info: +-------+-------------+----------+---------------+-----------+-------+
[   18.774222] cloud-init[1128]: ci-info: ++++++++++++++++++++++++++++++++++Route IPv6 info++++++++++++++++++++++++++++++++++
[   18.779646] cloud-init[1128]: ci-info: +-------+-------------------------+---------------------------+-----------+-------+
[   18.796243] cloud-init[1128]: ci-info: | Route |       Destination       |          Gateway          | Interface | Flags |
[   18.801689] cloud-init[1128]: ci-info: +-------+-------------------------+---------------------------+-----------+-------+
[   18.822024] cloud-init[1128]: ci-info: |   0   | 2405:204:2011:5dde::/64 |             ::            |   enp0s8  |   U   |
[[0;32m  OK  [0m] Started Initial cloud-init job (metadata service crawler).
[[0;32m  OK  [0m] Reached target Network is Online.
         Starting iSCSI initiator daemon (iscsid)...
[   18.823972] cloud-init[1128]: ci-info: |   1   |        fe80::/64        |             ::            |   enp0s3  |   U   |
[   18.830212] cloud-init[1128]: ci-info: |   2   |        fe80::/64        |             ::            |   enp0s8  |   U   |
[[0;32m  OK  [0m] Reached target System Initialization.
[   18.835451] cloud-init[1128]: ci-info: |   3   |           ::/0          | fe80::38c0:7374:691f:fad8 |   enp0s8  |  UGe  |
[   18.837451] cloud-init[1128]: ci-info: |   9   |         ff00::/8        |             ::            |   enp0s3  |   U   |
[   18.844405] cloud-init[1128]: ci-info: |   10  |         ff00::/8        |             ::            |   enp0s8  |   U   |
[   18.846502] cloud-init[1128]: ci-info: +-------+-------------------------+---------------------------+-----------+-------+
[[0;32m  OK  [0m] Started Message of the Day.
[[0;32m  OK  [0m] Listening on D-Bus System Message Bus Socket.
[[0;32m  OK  [0m] Started Daily apt download activities.
[[0;32m  OK  [0m] Started Daily apt upgrade and clean activities.
[[0;32m  OK  [0m] Started ACPI Events Check.
[[0;32m  OK  [0m] Reached target Paths.
[[0;32m  OK  [0m] Listening on UUID daemon activation socket.
         Starting LXD - unix socket.
[[0;32m  OK  [0m] Started Daily Cleanup of Temporary Directories.
[[0;32m  OK  [0m] Reached target Timers.
[[0;32m  OK  [0m] Listening on ACPID Listen Socket.
         Starting Socket activation for snappy daemon.
[[0;32m  OK  [0m] Reached target Cloud-config availability.
[[0;32m  OK  [0m] Listening on LXD - unix socket.
[[0;32m  OK  [0m] Listening on Socket activation for snappy daemon.
[[0;32m  OK  [0m] Started iSCSI initiator daemon (iscsid).
         Starting Login to default iSCSI targets...
[[0;32m  OK  [0m] Reached target Sockets.
[[0;32m  OK  [0m] Reached target Basic System.
[[0;32m  OK  [0m] Started Deferred execution scheduler.
         Starting Virtualbox guest utils...
         Starting System Logging Service...
[[0;32m  OK  [0m] Started FUSE filesystem for LXC.
         Starting OpenBSD Secure Shell server...
[[0;32m  OK  [0m] Started Regular background program processing daemon.
         Starting Snappy daemon...
         Starting LSB: MD monitoring daemon...
         Starting Login Service...
         Starting Accounts Service...
[[0;32m  OK  [0m] Started ACPI event daemon.
[[0;32m  OK  [0m] Started D-Bus System Message Bus.
         Starting /etc/rc.local Compatibility...
         Starting LSB: Record successful boot for GRUB...
         Starting LXD - container startup/shutdown...
[[0;32m  OK  [0m] Started System Logging Service.
[[0;32m  OK  [0m] Started /etc/rc.local Compatibility.
[[0;32m  OK  [0m] Started Login Service.
[[0;32m  OK  [0m] Started Unattended Upgrades Shutdown.
[[0;32m  OK  [0m] Started Login to default iSCSI targets.
[[0;32m  OK  [0m] Reached target Remote File Systems (Pre).
[[0;32m  OK  [0m] Reached target Remote File Systems.
         Starting LSB: automatic crash report generation...
         Starting Permit User Sessions...
         Starting LSB: daemon to balance interrupts for SMP systems...
         Starting LSB: Set the CPU Frequency Scaling governor to "ondemand"...
         Starting LSB: Apache2 web server...
[[0;32m  OK  [0m] Started Permit User Sessions.
[[0;32m  OK  [0m] Started OpenBSD Secure Shell server.
[[0;32m  OK  [0m] Started LSB: MD monitoring daemon.
[[0;32m  OK  [0m] Started LSB: Record successful boot for GRUB.
         Starting Authenticate and Authorize Users to Run Privileged Tasks...
         Starting Terminate Plymouth Boot Screen...
         Starting Hold until boot process finishes up...
[[0;32m  OK  [0m] Started Hold until boot process finishes up.
[[0;32m  OK  [0m] Started LSB: Set the CPU Frequency Scaling governor to "ondemand".
[[0;32m  OK  [0m] Started Terminate Plymouth Boot Screen.
         Starting Set console scheme...
[[0;32m  OK  [0m] Started Serial Getty on ttyS0.
[[0;32m  OK  [0m] Started Getty on tty1.
[[0;32m  OK  [0m] Reached target Login Prompts.
[[0;32m  OK  [0m] Started LSB: automatic crash report generation.
[[0;32m  OK  [0m] Started LSB: daemon to balance interrupts for SMP systems.
[[0;32m  OK  [0m] Started Set console scheme.
[[0;32m  OK  [0m] Started Virtualbox guest utils.
[[0;32m  OK  [0m] Started Authenticate and Authorize Users to Run Privileged Tasks.
[[0;32m  OK  [0m] Started Accounts Service.
[[0;32m  OK  [0m] Created slice User Slice of vagrant.
         Starting User Manager for UID 1000...
[[0;32m  OK  [0m] Started Session 1 of user vagrant.
[[0;32m  OK  [0m] Started User Manager for UID 1000.
[[0;32m  OK  [0m] Started Snappy daemon.
         Starting Wait until snapd is fully seeded...
[[0;32m  OK  [0m] Started Wait until snapd is fully seeded.
         Starting Apply the settings specified in cloud-config...
[[0;32m  OK  [0m] Started LXD - container startup/shutdown.
[   23.866352] cloud-init[1453]: Cloud-init v. 19.2-36-g059d049c-0ubuntu2~16.04.1 running 'modules:config' at Thu, 07 Nov 2019 08:18:54 +0000. Up 23.53 seconds.
[[0;32m  OK  [0m] Started Apply the settings specified in cloud-config.
[[0;32m  OK  [0m] Started LSB: Apache2 web server.
[[0;32m  OK  [0m] Reached target Multi-User System.
         Starting Execute cloud user/final scripts...
[[0;32m  OK  [0m] Reached target Graphical Interface.
         Starting Update UTMP about System Runlevel Changes...
[[0;32m  OK  [0m] Started Update UTMP about System Runlevel Changes.
[   25.386430] cloud-init[1526]: Cloud-init v. 19.2-36-g059d049c-0ubuntu2~16.04.1 running 'modules:final' at Thu, 07 Nov 2019 08:18:56 +0000. Up 25.11 seconds.
[   25.393850] cloud-init[1526]: Cloud-init v. 19.2-36-g059d049c-0ubuntu2~16.04.1 finished at Thu, 07 Nov 2019 08:18:56 +0000. Datasource DataSourceNoCloud [seed=/dev/sdb][dsmode=net].  Up 25.36 seconds
[[0;32m  OK  [0m] Started Execute cloud user/final scripts.
[[0;32m  OK  [0m] Reached target Cloud-init target.

Ubuntu 16.04.6 LTS ubuntu-xenial ttyS0

ubuntu-xenial login: [[0;32m  OK  [0m] Stopped target Cloud-init target.
         Stopping Session 1 of user vagrant.
         Stopping User Manager for UID 1000...
         Stopping Authenticate and Authorize Users to Run Privileged Tasks...
         Stopping Session 2 of user vagrant.
[[0;32m  OK  [0m] Stopped Execute cloud user/final scripts.
[[0;32m  OK  [0m] Stopped Apply the settings specified in cloud-config.
[[0;32m  OK  [0m] Stopped target Cloud-config availability.
[[0;32m  OK  [0m] Stopped target Graphical Interface.
         Stopping Accounts Service...
[[0;32m  OK  [0m] Stopped target Multi-User System.
         Stopping LSB: Record successful boot for GRUB...
[[0;32m  OK  [0m] Stopped target Login Prompts.
         Stopping Getty on tty1...
         Stopping LSB: Set the CPU Frequency Scaling governor to "ondemand"...
         Stopping System Logging Service...
         Stopping Deferred execution scheduler...
         Stopping LSB: automatic crash report generation...
         Stopping Virtualbox guest utils...
[[0;32m  OK  [0m] Stopped Wait until snapd is fully seeded.
         Stopping LSB: daemon to balance interrupts for SMP systems...
         Stopping LSB: Apache2 web server...
         Stopping D-Bus System Message Bus...
         Stopping LSB: MD monitoring daemon...
[[0;32m  OK  [0m] Closed Load/Save RF Kill Switch Status /dev/rfkill Watch.
[[0;32m  OK  [0m] Stopped target Timers.
[[0;32m  OK  [0m] Stopped Daily Cleanup of Temporary Directories.
         Stopping ACPI event daemon...
[[0;32m  OK  [0m] Stopped Message of the Day.
         Stopping Regular background program processing daemon...
         Stopping LXD - container startup/shutdown...
         Stopping Session 8 of user vagrant.
         Stopping Serial Getty on ttyS0...
         Stopping FUSE filesystem for LXC...
         Stopping Unattended Upgrades Shutdown...
[[0;32m  OK  [0m] Stopped Daily apt upgrade and clean activities.
[[0;32m  OK  [0m] Stopped Daily apt download activities.
[[0;32m  OK  [0m] Stopped target System Time Synchronized.
         Stopping OpenBSD Secure Shell server...
[[0;32m  OK  [0m] Unmounted /var/lib/lxcfs.
[[0;32m  OK  [0m] Stopped Deferred execution scheduler.
[[0;32m  OK  [0m] Stopped System Logging Service.
[[0;32m  OK  [0m] Stopped Regular background program processing daemon.
[[0;32m  OK  [0m] Stopped Accounts Service.
[[0;32m  OK  [0m] Stopped ACPI event daemon.
[[0;32m  OK  [0m] Stopped OpenBSD Secure Shell server.
[[0;32m  OK  [0m] Stopped Authenticate and Authorize Users to Run Privileged Tasks.
[[0;32m  OK  [0m] Stopped Serial Getty on ttyS0.
[[0;32m  OK  [0m] Stopped Getty on tty1.
[[0;32m  OK  [0m] Stopped User Manager for UID 1000.
[[0;32m  OK  [0m] Stopped Session 1 of user vagrant.
[[0;32m  OK  [0m] Stopped Session 2 of user vagrant.
[[0;32m  OK  [0m] Stopped D-Bus System Message Bus.
[[0;32m  OK  [0m] Stopped Unattended Upgrades Shutdown.
[[0;32m  OK  [0m] Stopped Session 8 of user vagrant.
[[0;32m  OK  [0m] Stopped FUSE filesystem for LXC.
[[0;32m  OK  [0m] Stopped LSB: Record successful boot for GRUB.
[[0;32m  OK  [0m] Stopped LXD - container startup/shutdown.
[[0;32m  OK  [0m] Stopped LSB: MD monitoring daemon.
[[0;32m  OK  [0m] Stopped Virtualbox guest utils.
[[0;32m  OK  [0m] Stopped LSB: Set the CPU Frequency Scaling governor to "ondemand".
[[0;32m  OK  [0m] Stopped LSB: daemon to balance interrupts for SMP systems.
[[0;32m  OK  [0m] Stopped LSB: automatic crash report generation.
[[0;32m  OK  [0m] Removed slice User Slice of vagrant.
         Stopping Login Service...
[[0;32m  OK  [0m] Removed slice system-getty.slice.
         Stopping Permit User Sessions...
[[0;32m  OK  [0m] Removed slice system-serial\x2dgetty.slice.
[[0;32m  OK  [0m] Stopped /etc/rc.local Compatibility.
[[0;32m  OK  [0m] Stopped Login Service.
[[0;32m  OK  [0m] Stopped Permit User Sessions.
[[0;32m  OK  [0m] Stopped target User and Group Name Lookups.
[[0;32m  OK  [0m] Stopped LSB: Apache2 web server.
[[0;32m  OK  [0m] Stopped target Remote File Systems.
[[0;32m  OK  [0m] Stopped target Remote File Systems (Pre).
         Stopping Login to default iSCSI targets...
[[0;32m  OK  [0m] Stopped target Basic System.
[[0;32m  OK  [0m] Stopped target Sockets.
[[0;32m  OK  [0m] Closed LXD - unix socket.
[[0;32m  OK  [0m] Closed D-Bus System Message Bus Socket.
[[0;32m  OK  [0m] Closed ACPID Listen Socket.
[[0;32m  OK  [0m] Closed Socket activation for snappy daemon.
[[0;32m  OK  [0m] Closed Syslog Socket.
[[0;32m  OK  [0m] Closed UUID daemon activation socket.
[[0;32m  OK  [0m] Stopped target Slices.
[[0;32m  OK  [0m] Removed slice User and Session Slice.
[[0;32m  OK  [0m] Stopped target Paths.
[[0;32m  OK  [0m] Stopped Forward Password Requests to Wall Directory Watch.
[[0;32m  OK  [0m] Stopped Dispatch Password Requests to Console Directory Watch.
[[0;32m  OK  [0m] Stopped ACPI Events Check.
[[0;32m  OK  [0m] Stopped target System Initialization.
[[0;32m  OK  [0m] Stopped Create Volatile Files and Directories.
[[0;32m  OK  [0m] Stopped target Encrypted Volumes.
[[0;32m  OK  [0m] Stopped target Swap.
         Stopping Load/Save Random Seed...
[[0;32m  OK  [0m] Stopped Load/Save Random Seed.
[[0;32m  OK  [0m] Stopped Login to default iSCSI targets.
         Stopping iSCSI initiator daemon (iscsid)...
[[0;32m  OK  [0m] Stopped iSCSI initiator daemon (iscsid).
[[0;32m  OK  [0m] Stopped target Network is Online.
[[0;32m  OK  [0m] Stopped Initial cloud-init job (metadata service crawler).
[[0;32m  OK  [0m] Stopped target Network.
         Stopping Raise network interfaces...
[[0;32m  OK  [0m] Stopped Raise network interfaces.
[[0;32m  OK  [0m] Stopped target Network (Pre).
[[0;32m  OK  [0m] Stopped Initial cloud-init job (pre-networking).
[[0;32m  OK  [0m] Stopped Apply Kernel Variables.
[[0;32m  OK  [0m] Stopped Load Kernel Modules.
[[0;32m  OK  [0m] Stopped target Local File Systems.
         Unmounting /vagrant...
         Unmounting /run/user/1000...
[[0;32m  OK  [0m] Unmounted /vagrant.
[[0;32m  OK  [0m] Unmounted /run/user/1000.
[[0;32m  OK  [0m] Reached target Unmount All Filesystems.
[[0;32m  OK  [0m] Stopped target Local File Systems (Pre).
[[0;32m  OK  [0m] Stopped Remount Root and Kernel File Systems.
[[0;32m  OK  [0m] Stopped Create Static Device Nodes in /dev.
[[0;32m  OK  [0m] Reached target Shutdown.
[ 1843.309731] reboot: Power down
